<?xml version="1.0" encoding="UTF-8"?>
<!-- Generated by org.testng.reporters.JUnitReportReporter -->
<testsuite hostname="SarojPulajwar" failures="0" tests="1" name="com.TestLayer.LogginTest" time="13.013" errors="0" timestamp="2022-11-11T09:19:07 IST" skipped="0">
  <testcase classname="com.TestLayer.LogginTest" name="verifyLoginTest" time="13.013"/>
  <system-out/>
</testsuite> <!-- com.TestLayer.LogginTest -->
