<?xml version="1.0" encoding="UTF-8"?>
<!-- Generated by org.testng.reporters.JUnitReportReporter -->
<testsuite hostname="SarojPulajwar" failures="0" tests="1" name="com.TestLayer.LogginTest" time="8.469" errors="0" timestamp="2022-11-08T16:36:39 IST" skipped="0">
  <testcase classname="com.TestLayer.LogginTest" name="verifyLoginTest" time="8.469"/>
  <system-out/>
</testsuite> <!-- com.TestLayer.LogginTest -->
